[2026-07-07 09:09:21] [INFO] --- Starting test run for l0_pce_rates_2026-06-12.csv ---
[2026-07-07 09:09:22] [SUCCESS] `identifier` is a character column
[2026-07-07 09:09:22] [SUCCESS] `rate_id` is a character column
[2026-07-07 09:09:22] [SUCCESS] `line_no` is a numeric column
[2026-07-07 09:09:22] [SUCCESS] `actual_rate` is a numeric column
[2026-07-07 09:09:22] [SUCCESS] `pro_rata_rate` is a numeric column
[2026-07-07 09:09:22] [SUCCESS] `check` is a numeric column
[2026-07-07 09:09:22] [SUCCESS] `residential_rate` is a numeric column
[2026-07-07 09:09:22] [SUCCESS] `pce_eligible_residential_k_wh` is a numeric column
[2026-07-07 09:09:22] [SUCCESS] `pce_eligible_com_facil_k_wh` is a numeric column
[2026-07-07 09:09:22] [SUCCESS] `pce_eligible_community_k_wh` is a numeric column
[2026-07-07 09:09:22] [SUCCESS] `pce_eligible_k_wh_total` is a numeric column
[2026-07-07 09:09:22] [SUCCESS] `identifier` has no missing values
[2026-07-07 09:09:22] [SUCCESS] `line_no` has no missing values
[2026-07-07 09:09:22] [SUCCESS] `actual_rate` has only positive values
[2026-07-07 09:09:22] [SUCCESS] `residential_rate` has only positive values
[2026-07-07 09:09:22] [INFO] Success! l0_pce_rates_2026-06-12.csv passed all data tests, writing to file as l1_pce_rates_2026-06-12.csv.
[2026-07-07 09:09:22] [INFO] --- Starting test run for l0_pce_header_2026-06-12.csv ---
[2026-07-07 09:09:22] [SUCCESS] `identifier` is a character column
[2026-07-07 09:09:22] [SUCCESS] `utility` is a character column
[2026-07-07 09:09:22] [SUCCESS] `community` is a character column
[2026-07-07 09:09:22] [SUCCESS] `purchased_from` is a character column
[2026-07-07 09:09:22] [SUCCESS] `other_1_k_wh_type` is a character column
[2026-07-07 09:09:22] [SUCCESS] `other_2_k_wh_type` is a character column
[2026-07-07 09:09:22] [SUCCESS] `umr_month` is a character column
[2026-07-07 09:09:22] [SUCCESS] `line_no` is a numeric column
[2026-07-07 09:09:22] [SUCCESS] `identifier` has no missing values
[2026-07-07 09:09:22] [SUCCESS] `line_no` has no missing values
[2026-07-07 09:09:22] [SUCCESS] `powerhouse_consumption_k_wh` has only positive values
[2026-07-07 09:09:22] [SUCCESS] `peak_consumption_k_w` has only positive values
[2026-07-07 09:09:22] [INFO] Success! l0_pce_header_2026-06-12.csv passed all data tests, writing to file as l1_pce_header_2026_06-12.csv.
