[2026-07-13 15:30:27] [INFO] --- Starting test run for l0_pce_header_2026-06.csv ---
[2026-07-13 15:30:27] [SUCCESS] `identifier` is a character column
[2026-07-13 15:30:27] [SUCCESS] `utility` is a character column
[2026-07-13 15:30:27] [SUCCESS] `community` is a character column
[2026-07-13 15:30:27] [SUCCESS] `purchased_from` is a character column
[2026-07-13 15:30:27] [SUCCESS] `other_1_kwh_type` is a character column
[2026-07-13 15:30:27] [SUCCESS] `other_2_kwh_type` is a character column
[2026-07-13 15:30:27] [SUCCESS] `umr_month` is a character column
[2026-07-13 15:30:27] [SUCCESS] `line_no` is a numeric column
[2026-07-13 15:30:27] [SUCCESS] `identifier` has no missing values
[2026-07-13 15:30:27] [SUCCESS] `line_no` has no missing values
[2026-07-13 15:30:27] [SUCCESS] `powerhouse_consumption_kwh` has only positive values
[2026-07-13 15:30:27] [SUCCESS] `peak_consumption_kw` has only positive values
[2026-07-13 15:30:27] [INFO] Success! l0_pce_header_2026-06.csv passed all data tests, writing to file as l1_pce_header_2026-06.csv.
[2026-07-13 15:30:27] [INFO] --- Starting test run for l0_pce_header_2026-07.csv ---
[2026-07-13 15:30:27] [SUCCESS] `identifier` is a character column
[2026-07-13 15:30:27] [SUCCESS] `utility` is a character column
[2026-07-13 15:30:27] [SUCCESS] `community` is a character column
[2026-07-13 15:30:27] [SUCCESS] `purchased_from` is a character column
[2026-07-13 15:30:27] [SUCCESS] `other_1_kwh_type` is a character column
[2026-07-13 15:30:27] [SUCCESS] `other_2_kwh_type` is a character column
[2026-07-13 15:30:27] [SUCCESS] `umr_month` is a character column
[2026-07-13 15:30:27] [SUCCESS] `line_no` is a numeric column
[2026-07-13 15:30:27] [SUCCESS] `identifier` has no missing values
[2026-07-13 15:30:27] [SUCCESS] `line_no` has no missing values
[2026-07-13 15:30:27] [SUCCESS] `powerhouse_consumption_kwh` has only positive values
[2026-07-13 15:30:27] [SUCCESS] `peak_consumption_kw` has only positive values
[2026-07-13 15:30:27] [INFO] Success! l0_pce_header_2026-07.csv passed all data tests, writing to file as l1_pce_header_2026-07.csv.
[2026-07-13 15:30:27] [INFO] --- Starting test run for l0_pce_rate_line_2026-06.csv ---
[2026-07-13 15:30:27] [SUCCESS] `identifier` is a character column
[2026-07-13 15:30:27] [SUCCESS] `rate_id` is a character column
[2026-07-13 15:30:27] [SUCCESS] `line_no` is a numeric column
[2026-07-13 15:30:27] [SUCCESS] `actual_rate` is a numeric column
[2026-07-13 15:30:27] [SUCCESS] `pro_rata_rate` is a numeric column
[2026-07-13 15:30:27] [SUCCESS] `check` is a numeric column
[2026-07-13 15:30:27] [SUCCESS] `residential_rate` is a numeric column
[2026-07-13 15:30:27] [SUCCESS] `pce_eligible_residential_kwh` is a numeric column
[2026-07-13 15:30:27] [SUCCESS] `pce_eligible_com_facil_kwh` is a numeric column
[2026-07-13 15:30:27] [SUCCESS] `pce_eligible_community_kwh` is a numeric column
[2026-07-13 15:30:27] [SUCCESS] `pce_eligible_kwh_total` is a numeric column
[2026-07-13 15:30:27] [SUCCESS] `identifier` has no missing values
[2026-07-13 15:30:27] [SUCCESS] `line_no` has no missing values
[2026-07-13 15:30:27] [SUCCESS] `actual_rate` has only positive values
[2026-07-13 15:30:27] [SUCCESS] `residential_rate` has only positive values
[2026-07-13 15:30:27] [INFO] Success! l0_pce_rate_line_2026-06.csv passed all data tests, writing to file as l1_pce_rate_line_2026-06.csv.
[2026-07-13 15:30:27] [INFO] --- Starting test run for l0_pce_rate_line_2026-07.csv ---
[2026-07-13 15:30:27] [SUCCESS] `identifier` is a character column
[2026-07-13 15:30:27] [SUCCESS] `rate_id` is a character column
[2026-07-13 15:30:27] [SUCCESS] `line_no` is a numeric column
[2026-07-13 15:30:28] [SUCCESS] `actual_rate` is a numeric column
[2026-07-13 15:30:28] [SUCCESS] `pro_rata_rate` is a numeric column
[2026-07-13 15:30:28] [SUCCESS] `check` is a numeric column
[2026-07-13 15:30:28] [SUCCESS] `residential_rate` is a numeric column
[2026-07-13 15:30:28] [SUCCESS] `pce_eligible_residential_kwh` is a numeric column
[2026-07-13 15:30:28] [SUCCESS] `pce_eligible_com_facil_kwh` is a numeric column
[2026-07-13 15:30:28] [SUCCESS] `pce_eligible_community_kwh` is a numeric column
[2026-07-13 15:30:28] [SUCCESS] `pce_eligible_kwh_total` is a numeric column
[2026-07-13 15:30:28] [SUCCESS] `identifier` has no missing values
[2026-07-13 15:30:28] [SUCCESS] `line_no` has no missing values
[2026-07-13 15:30:28] [SUCCESS] `actual_rate` has only positive values
[2026-07-13 15:30:28] [SUCCESS] `residential_rate` has only positive values
[2026-07-13 15:30:28] [INFO] Success! l0_pce_rate_line_2026-07.csv passed all data tests, writing to file as l1_pce_rate_line_2026-07.csv.
[2026-07-13 15:57:02] [INFO] --- Starting test run for l0_pce_header_2026-06.csv ---
[2026-07-13 15:57:02] [SUCCESS] `identifier` is a character column
[2026-07-13 15:57:02] [SUCCESS] `utility` is a character column
[2026-07-13 15:57:02] [SUCCESS] `community` is a character column
[2026-07-13 15:57:02] [SUCCESS] `purchased_from` is a character column
[2026-07-13 15:57:02] [SUCCESS] `other_1_kwh_type` is a character column
[2026-07-13 15:57:02] [SUCCESS] `other_2_kwh_type` is a character column
[2026-07-13 15:57:02] [SUCCESS] `umr_month` is a character column
[2026-07-13 15:57:02] [SUCCESS] `line_no` is a numeric column
[2026-07-13 15:57:02] [SUCCESS] `amount` is a numeric column
[2026-07-13 15:57:02] [SUCCESS] `powerhouse_consumption_kwh` is a numeric column
[2026-07-13 15:57:02] [SUCCESS] `peak_consumption_kw` is a numeric column
[2026-07-13 15:57:02] [SUCCESS] `residential_sold_to` is a numeric column
[2026-07-13 15:57:02] [SUCCESS] `commercial_sold_to` is a numeric column
[2026-07-13 15:57:02] [SUCCESS] `com_facil_sold_to` is a numeric column
[2026-07-13 15:57:02] [SUCCESS] `govt_facil_sold_to` is a numeric column
[2026-07-13 15:57:02] [ERROR] Column 'ubilled_sold_to' is missing.
[2026-07-13 15:57:02] [ERROR] Column 'most_recent_fuel_purchase_price' is missing.
[2026-07-13 15:57:02] [SUCCESS] `fuel_used_gallons` is a numeric column
[2026-07-13 15:57:02] [SUCCESS] `non_fuel_expenses` is a numeric column
[2026-07-13 15:57:02] [SUCCESS] `fuel_cost` is a numeric column
[2026-07-13 15:57:02] [SUCCESS] `total_kwh_purchased` is a numeric column
[2026-07-13 15:57:02] [SUCCESS] `residential_customers` is a numeric column
[2026-07-13 15:57:02] [SUCCESS] `commercial_customers` is a numeric column
[2026-07-13 15:57:02] [SUCCESS] `com_facil_customers` is a numeric column
[2026-07-13 15:57:02] [SUCCESS] `govt_facil_customers` is a numeric column
[2026-07-13 15:57:02] [SUCCESS] `unbilled_customers` is a numeric column
[2026-07-13 15:57:02] [SUCCESS] `other_customers` is a numeric column
[2026-07-13 15:57:02] [SUCCESS] `diesel_kwh_generated` is a numeric column
[2026-07-13 15:57:02] [SUCCESS] `hydro_kwh_generated` is a numeric column
[2026-07-13 15:57:02] [WARN] `other_1_kwh_type` should be numeric, but is not
[2026-07-13 15:57:02] [SUCCESS] `other_1_kwh_generated` is a numeric column
[2026-07-13 15:57:02] [WARN] `other_2_kwh_type` should be numeric, but is not
[2026-07-13 15:57:02] [SUCCESS] `other_2_kwh_generated` is a numeric column
[2026-07-13 15:57:02] [SUCCESS] `fiscal_year` is a numeric column
[2026-07-13 15:57:02] [SUCCESS] `calendar_year` is a numeric column
[2026-07-13 15:57:02] [SUCCESS] `identifier` has no missing values
[2026-07-13 15:57:02] [SUCCESS] `line_no` has no missing values
[2026-07-13 15:57:02] [SUCCESS] `powerhouse_consumption_kwh` has only positive values
[2026-07-13 15:57:02] [SUCCESS] `peak_consumption_kw` has only positive values
[2026-07-13 15:57:02] [FATAL] FATAL: Data testing failed for l0_pce_header_2026-06.csv
[2026-07-13 15:58:21] [INFO] --- Starting test run for l0_pce_header_2026-06.csv ---
[2026-07-13 15:58:21] [SUCCESS] `identifier` is a character column
[2026-07-13 15:58:21] [SUCCESS] `utility` is a character column
[2026-07-13 15:58:21] [SUCCESS] `community` is a character column
[2026-07-13 15:58:21] [SUCCESS] `purchased_from` is a character column
[2026-07-13 15:58:21] [SUCCESS] `other_1_kwh_type` is a character column
[2026-07-13 15:58:21] [SUCCESS] `other_2_kwh_type` is a character column
[2026-07-13 15:58:21] [SUCCESS] `umr_month` is a character column
[2026-07-13 15:58:21] [SUCCESS] `line_no` is a numeric column
[2026-07-13 15:58:21] [SUCCESS] `amount` is a numeric column
[2026-07-13 15:58:21] [SUCCESS] `powerhouse_consumption_kwh` is a numeric column
[2026-07-13 15:58:21] [SUCCESS] `peak_consumption_kw` is a numeric column
[2026-07-13 15:58:21] [SUCCESS] `residential_sold_to` is a numeric column
[2026-07-13 15:58:21] [SUCCESS] `commercial_sold_to` is a numeric column
[2026-07-13 15:58:21] [SUCCESS] `com_facil_sold_to` is a numeric column
[2026-07-13 15:58:21] [SUCCESS] `govt_facil_sold_to` is a numeric column
[2026-07-13 15:58:21] [SUCCESS] `unbilled_sold_to` is a numeric column
[2026-07-13 15:58:21] [SUCCESS] `most_recent_fuel_purch_price` is a numeric column
[2026-07-13 15:58:21] [SUCCESS] `fuel_used_gallons` is a numeric column
[2026-07-13 15:58:21] [SUCCESS] `non_fuel_expenses` is a numeric column
[2026-07-13 15:58:21] [SUCCESS] `fuel_cost` is a numeric column
[2026-07-13 15:58:21] [SUCCESS] `total_kwh_purchased` is a numeric column
[2026-07-13 15:58:21] [SUCCESS] `residential_customers` is a numeric column
[2026-07-13 15:58:21] [SUCCESS] `commercial_customers` is a numeric column
[2026-07-13 15:58:21] [SUCCESS] `com_facil_customers` is a numeric column
[2026-07-13 15:58:21] [SUCCESS] `govt_facil_customers` is a numeric column
[2026-07-13 15:58:21] [SUCCESS] `unbilled_customers` is a numeric column
[2026-07-13 15:58:21] [SUCCESS] `other_customers` is a numeric column
[2026-07-13 15:58:21] [SUCCESS] `diesel_kwh_generated` is a numeric column
[2026-07-13 15:58:21] [SUCCESS] `hydro_kwh_generated` is a numeric column
[2026-07-13 15:58:21] [SUCCESS] `other_1_kwh_generated` is a numeric column
[2026-07-13 15:58:21] [SUCCESS] `other_2_kwh_generated` is a numeric column
[2026-07-13 15:58:21] [SUCCESS] `fiscal_year` is a numeric column
[2026-07-13 15:58:21] [SUCCESS] `calendar_year` is a numeric column
[2026-07-13 15:58:21] [SUCCESS] `identifier` has no missing values
[2026-07-13 15:58:21] [SUCCESS] `line_no` has no missing values
[2026-07-13 15:58:21] [SUCCESS] `powerhouse_consumption_kwh` has only positive values
[2026-07-13 15:58:21] [SUCCESS] `peak_consumption_kw` has only positive values
[2026-07-13 15:58:21] [INFO] Success! l0_pce_header_2026-06.csv passed all data tests, writing to file as l1_pce_header_2026-06.csv.
[2026-07-13 15:58:21] [INFO] --- Starting test run for l0_pce_header_2026-07.csv ---
[2026-07-13 15:58:21] [SUCCESS] `identifier` is a character column
[2026-07-13 15:58:21] [SUCCESS] `utility` is a character column
[2026-07-13 15:58:21] [SUCCESS] `community` is a character column
[2026-07-13 15:58:21] [SUCCESS] `purchased_from` is a character column
[2026-07-13 15:58:21] [SUCCESS] `other_1_kwh_type` is a character column
[2026-07-13 15:58:21] [SUCCESS] `other_2_kwh_type` is a character column
[2026-07-13 15:58:21] [SUCCESS] `umr_month` is a character column
[2026-07-13 15:58:21] [SUCCESS] `line_no` is a numeric column
[2026-07-13 15:58:21] [SUCCESS] `amount` is a numeric column
[2026-07-13 15:58:21] [SUCCESS] `powerhouse_consumption_kwh` is a numeric column
[2026-07-13 15:58:21] [SUCCESS] `peak_consumption_kw` is a numeric column
[2026-07-13 15:58:21] [SUCCESS] `residential_sold_to` is a numeric column
[2026-07-13 15:58:21] [SUCCESS] `commercial_sold_to` is a numeric column
[2026-07-13 15:58:21] [SUCCESS] `com_facil_sold_to` is a numeric column
[2026-07-13 15:58:21] [SUCCESS] `govt_facil_sold_to` is a numeric column
[2026-07-13 15:58:21] [SUCCESS] `unbilled_sold_to` is a numeric column
[2026-07-13 15:58:21] [SUCCESS] `most_recent_fuel_purch_price` is a numeric column
[2026-07-13 15:58:21] [SUCCESS] `fuel_used_gallons` is a numeric column
[2026-07-13 15:58:21] [SUCCESS] `non_fuel_expenses` is a numeric column
[2026-07-13 15:58:21] [SUCCESS] `fuel_cost` is a numeric column
[2026-07-13 15:58:21] [SUCCESS] `total_kwh_purchased` is a numeric column
[2026-07-13 15:58:21] [SUCCESS] `residential_customers` is a numeric column
[2026-07-13 15:58:21] [SUCCESS] `commercial_customers` is a numeric column
[2026-07-13 15:58:21] [SUCCESS] `com_facil_customers` is a numeric column
[2026-07-13 15:58:21] [SUCCESS] `govt_facil_customers` is a numeric column
[2026-07-13 15:58:21] [SUCCESS] `unbilled_customers` is a numeric column
[2026-07-13 15:58:21] [SUCCESS] `other_customers` is a numeric column
[2026-07-13 15:58:21] [SUCCESS] `diesel_kwh_generated` is a numeric column
[2026-07-13 15:58:21] [SUCCESS] `hydro_kwh_generated` is a numeric column
[2026-07-13 15:58:21] [SUCCESS] `other_1_kwh_generated` is a numeric column
[2026-07-13 15:58:21] [SUCCESS] `other_2_kwh_generated` is a numeric column
[2026-07-13 15:58:21] [SUCCESS] `fiscal_year` is a numeric column
[2026-07-13 15:58:21] [SUCCESS] `calendar_year` is a numeric column
[2026-07-13 15:58:21] [SUCCESS] `identifier` has no missing values
[2026-07-13 15:58:21] [SUCCESS] `line_no` has no missing values
[2026-07-13 15:58:21] [SUCCESS] `powerhouse_consumption_kwh` has only positive values
[2026-07-13 15:58:21] [SUCCESS] `peak_consumption_kw` has only positive values
[2026-07-13 15:58:21] [INFO] Success! l0_pce_header_2026-07.csv passed all data tests, writing to file as l1_pce_header_2026-07.csv.
[2026-07-13 15:58:21] [INFO] --- Starting test run for l0_pce_rate_line_2026-06.csv ---
[2026-07-13 15:58:21] [SUCCESS] `identifier` is a character column
[2026-07-13 15:58:21] [SUCCESS] `rate_id` is a character column
[2026-07-13 15:58:21] [SUCCESS] `line_no` is a numeric column
[2026-07-13 15:58:21] [SUCCESS] `actual_rate` is a numeric column
[2026-07-13 15:58:21] [SUCCESS] `pro_rata_rate` is a numeric column
[2026-07-13 15:58:21] [SUCCESS] `check` is a numeric column
[2026-07-13 15:58:21] [SUCCESS] `residential_rate` is a numeric column
[2026-07-13 15:58:21] [SUCCESS] `pce_eligible_residential_kwh` is a numeric column
[2026-07-13 15:58:21] [SUCCESS] `pce_eligible_com_facil_kwh` is a numeric column
[2026-07-13 15:58:21] [SUCCESS] `pce_eligible_community_kwh` is a numeric column
[2026-07-13 15:58:21] [SUCCESS] `pce_eligible_kwh_total` is a numeric column
[2026-07-13 15:58:21] [SUCCESS] `identifier` has no missing values
[2026-07-13 15:58:21] [SUCCESS] `line_no` has no missing values
[2026-07-13 15:58:21] [SUCCESS] `actual_rate` has only positive values
[2026-07-13 15:58:21] [SUCCESS] `residential_rate` has only positive values
[2026-07-13 15:58:21] [INFO] Success! l0_pce_rate_line_2026-06.csv passed all data tests, writing to file as l1_pce_rate_line_2026-06.csv.
[2026-07-13 15:58:21] [INFO] --- Starting test run for l0_pce_rate_line_2026-07.csv ---
[2026-07-13 15:58:21] [SUCCESS] `identifier` is a character column
[2026-07-13 15:58:21] [SUCCESS] `rate_id` is a character column
[2026-07-13 15:58:21] [SUCCESS] `line_no` is a numeric column
[2026-07-13 15:58:21] [SUCCESS] `actual_rate` is a numeric column
[2026-07-13 15:58:21] [SUCCESS] `pro_rata_rate` is a numeric column
[2026-07-13 15:58:21] [SUCCESS] `check` is a numeric column
[2026-07-13 15:58:21] [SUCCESS] `residential_rate` is a numeric column
[2026-07-13 15:58:21] [SUCCESS] `pce_eligible_residential_kwh` is a numeric column
[2026-07-13 15:58:21] [SUCCESS] `pce_eligible_com_facil_kwh` is a numeric column
[2026-07-13 15:58:21] [SUCCESS] `pce_eligible_community_kwh` is a numeric column
[2026-07-13 15:58:21] [SUCCESS] `pce_eligible_kwh_total` is a numeric column
[2026-07-13 15:58:21] [SUCCESS] `identifier` has no missing values
[2026-07-13 15:58:21] [SUCCESS] `line_no` has no missing values
[2026-07-13 15:58:21] [SUCCESS] `actual_rate` has only positive values
[2026-07-13 15:58:21] [SUCCESS] `residential_rate` has only positive values
[2026-07-13 15:58:21] [INFO] Success! l0_pce_rate_line_2026-07.csv passed all data tests, writing to file as l1_pce_rate_line_2026-07.csv.
